Using pre-set license
Built from '2020.2/staging' branch; Version is '2020.2.3f1 (8ff31bc5bf5b) revision 9433883'; Using compiler version '192528614'; Build Type 'Release'
OS: 'Windows 10 Pro; OS build 19042.867; Version 2009; 64bit' Language: 'ru' Physical Memory: 32718 MB
BatchMode: 1, IsHumanControllingUs: 0, StartBugReporterOnCrash: 0, Is64bit: 1, IsPro: 0

 COMMAND LINE ARGUMENTS:
G:\Unity\2020.2.3f1\Editor\Unity.exe
-adb2
-batchMode
-noUpm
-name
AssetImportWorker0
-projectPath
G:/Unity proj/Git/Unity3D/Avdeev Roman 3D
-logFile
Logs/AssetImportWorker0.log
-srvPort
51452
Successfully changed project path to: G:/Unity proj/Git/Unity3D/Avdeev Roman 3D
G:/Unity proj/Git/Unity3D/Avdeev Roman 3D
Using Asset Import Pipeline V2.
Refreshing native plugins compatible for Editor in 26.13 ms, found 0 plugins.
Preloading 0 native plugins for Editor in 0.00 ms.
Initialize engine version: 2020.2.3f1 (8ff31bc5bf5b)
[Subsystems] Discovering subsystems at path G:/Unity/2020.2.3f1/Editor/Data/Resources/UnitySubsystems
[Subsystems] Discovering subsystems at path G:/Unity proj/Git/Unity3D/Avdeev Roman 3D/Assets
GfxDevice: creating device client; threaded=0
Direct3D:
    Version:  Direct3D 11.0 [level 11.1]
    Renderer: NVIDIA GeForce RTX 3070 (ID=0x2484)
    Vendor:   
    VRAM:     8043 MB
    Driver:   27.21.14.6140
Initialize mono
Mono path[0] = 'G:/Unity/2020.2.3f1/Editor/Data/Managed'
Mono path[1] = 'G:/Unity/2020.2.3f1/Editor/Data/MonoBleedingEdge/lib/mono/unityjit'
Mono config path = 'G:/Unity/2020.2.3f1/Editor/Data/MonoBleedingEdge/etc'
Using monoOptions --debugger-agent=transport=dt_socket,embedding=1,server=y,suspend=n,address=127.0.0.1:56472
Begin MonoManager ReloadAssembly
Registering precompiled unity dll's ...
Register platform support module: G:/Unity/2020.2.3f1/Editor/Data/PlaybackEngines/WebGLSupport/UnityEditor.WebGL.Extensions.dll
Register platform support module: G:/Unity/2020.2.3f1/Editor/Data/PlaybackEngines/MacStandaloneSupport/UnityEditor.OSXStandalone.Extensions.dll
Register platform support module: G:/Unity/2020.2.3f1/Editor/Data/PlaybackEngines/WindowsStandaloneSupport/UnityEditor.WindowsStandalone.Extensions.dll
Registered in 0.001123 seconds.
Native extension for WindowsStandalone target not found
Native extension for OSXStandalone target not found
Native extension for WebGL target not found
Refreshing native plugins compatible for Editor in 24.45 ms, found 0 plugins.
Preloading 0 native plugins for Editor in 0.00 ms.
Invoked RoslynAnalysisRunner static constructor.
RoslynAnalysisRunner will not be running.
RoslynAnalysisRunner has terminated.
Mono: successfully reloaded assembly
- Completed reload, in  1.129 seconds
Platform modules already initialized, skipping
Registering precompiled user dll's ...
Registered in 0.000385 seconds.
Begin MonoManager ReloadAssembly
Native extension for WindowsStandalone target not found
Native extension for OSXStandalone target not found
Native extension for WebGL target not found
Refreshing native plugins compatible for Editor in 0.33 ms, found 0 plugins.
Preloading 0 native plugins for Editor in 0.00 ms.
Invoked RoslynAnalysisRunner static constructor.
RoslynAnalysisRunner will not be running.
RoslynAnalysisRunner has terminated.
Mono: successfully reloaded assembly
- Completed reload, in  0.637 seconds
Platform modules already initialized, skipping
========================================================================
Worker process is ready to serve import requests
Launched and connected shader compiler UnityShaderCompiler.exe after 0.03 seconds
Refreshing native plugins compatible for Editor in 0.32 ms, found 0 plugins.
Preloading 0 native plugins for Editor in 0.00 ms.
Unloading 1194 Unused Serialized files (Serialized files now loaded: 0)
System memory in use before: 83.1 MB.
System memory in use after: 82.8 MB.

Unloading 12 unused Assets to reduce memory usage. Loaded Objects now: 1660.
Total: 2.464000 ms (FindLiveObjects: 0.263300 ms CreateObjectMapping: 0.030500 ms MarkObjects: 1.767400 ms  DeleteObjects: 0.400300 ms)

========================================================================
Received Import Request.
  path: Assets/New Terrain 1.asset
  artifactKey: Guid(a33ea71a3f58126469d894b8ef635127) Importer(815301076,1909f56bfc062723c751e8b465ee728b)
Start importing Assets/New Terrain 1.asset using Guid(a33ea71a3f58126469d894b8ef635127) Importer(815301076,1909f56bfc062723c751e8b465ee728b)  -> (artifact id: 'f400f67e42b2a325a03cf7cf0157fb6a') in 0.129842 seconds
  Import took 0.134022 seconds .

========================================================================
Received Import Request.
  Time since last request: 0.000264 seconds.
  path: Assets/New Terrain.asset
  artifactKey: Guid(cfe0fdb0a24c36a4f91b3ec529f8fd46) Importer(815301076,1909f56bfc062723c751e8b465ee728b)
Start importing Assets/New Terrain.asset using Guid(cfe0fdb0a24c36a4f91b3ec529f8fd46) Importer(815301076,1909f56bfc062723c751e8b465ee728b)  -> (artifact id: '3e9cbc832bae3e23a8f3fffaa8cf10b4') in 0.014372 seconds
  Import took 0.016375 seconds .

========================================================================
Received Import Request.
  Time since last request: 30.099693 seconds.
  path: Assets
  artifactKey: Guid(00000000000000001000000000000000) Importer(815301076,1909f56bfc062723c751e8b465ee728b)
Start importing Assets using Guid(00000000000000001000000000000000) Importer(815301076,1909f56bfc062723c751e8b465ee728b)  -> (artifact id: '653ce283d384579a24208b2e4d727c2a') in 0.005220 seconds
  Import took 0.007142 seconds .

========================================================================
Received Import Request.
  Time since last request: 0.005036 seconds.
  path: Assets
  artifactKey: Guid(00000000000000001000000000000000) Importer(815301076,1909f56bfc062723c751e8b465ee728b)
Start importing Assets using Guid(00000000000000001000000000000000) Importer(815301076,1909f56bfc062723c751e8b465ee728b)  -> (artifact id: '653ce283d384579a24208b2e4d727c2a') in 0.001473 seconds
  Import took 0.002965 seconds .

========================================================================
Received Import Request.
  Time since last request: 14.792104 seconds.
  path: Assets/Prefabs
  artifactKey: Guid(11a946b28d285d84ea7b18393efd05d7) Importer(815301076,1909f56bfc062723c751e8b465ee728b)
Start importing Assets/Prefabs using Guid(11a946b28d285d84ea7b18393efd05d7) Importer(815301076,1909f56bfc062723c751e8b465ee728b)  -> (artifact id: '1189724517ac4996ad6f6462aadd3198') in 0.005402 seconds
  Import took 0.007379 seconds .

========================================================================
Received Import Request.
  Time since last request: 2.415161 seconds.
  path: Assets/AllSkyFree
  artifactKey: Guid(5de01493701df174f9bb2a7df3ccb1f2) Importer(815301076,1909f56bfc062723c751e8b465ee728b)
Start importing Assets/AllSkyFree using Guid(5de01493701df174f9bb2a7df3ccb1f2) Importer(815301076,1909f56bfc062723c751e8b465ee728b)  -> (artifact id: '0e20c0e24c37210c185eab72ab3f6a50') in 0.006492 seconds
  Import took 0.008443 seconds .

========================================================================
Received Import Request.
  Time since last request: 0.905250 seconds.
  path: Assets/Samples
  artifactKey: Guid(34984bfed0bf4e04ebb0f4d303cea7bc) Importer(815301076,1909f56bfc062723c751e8b465ee728b)
Start importing Assets/Samples using Guid(34984bfed0bf4e04ebb0f4d303cea7bc) Importer(815301076,1909f56bfc062723c751e8b465ee728b)  -> (artifact id: 'a6bfb58ce09c9ec359d62668e8d731d5') in 0.005934 seconds
  Import took 0.008026 seconds .

========================================================================
Received Import Request.
  Time since last request: 0.004155 seconds.
  path: Assets/Samples
  artifactKey: Guid(34984bfed0bf4e04ebb0f4d303cea7bc) Importer(815301076,1909f56bfc062723c751e8b465ee728b)
Start importing Assets/Samples using Guid(34984bfed0bf4e04ebb0f4d303cea7bc) Importer(815301076,1909f56bfc062723c751e8b465ee728b)  -> (artifact id: 'a6bfb58ce09c9ec359d62668e8d731d5') in 0.002128 seconds
  Import took 0.003817 seconds .

========================================================================
Received Import Request.
  Time since last request: 1.149304 seconds.
  path: Assets/Standard Assets
  artifactKey: Guid(c6195a43a0187a34e9c6be23520d3766) Importer(815301076,1909f56bfc062723c751e8b465ee728b)
Start importing Assets/Standard Assets using Guid(c6195a43a0187a34e9c6be23520d3766) Importer(815301076,1909f56bfc062723c751e8b465ee728b)  -> (artifact id: 'fa09bfbe95947856fefb5024fb9ad808') in 0.005236 seconds
  Import took 0.007480 seconds .

========================================================================
Received Import Request.
  Time since last request: 0.000907 seconds.
  path: Assets/Standard Assets
  artifactKey: Guid(c6195a43a0187a34e9c6be23520d3766) Importer(815301076,1909f56bfc062723c751e8b465ee728b)
Start importing Assets/Standard Assets using Guid(c6195a43a0187a34e9c6be23520d3766) Importer(815301076,1909f56bfc062723c751e8b465ee728b)  -> (artifact id: 'fa09bfbe95947856fefb5024fb9ad808') in 0.001748 seconds
  Import took 0.003244 seconds .

========================================================================
Received Prepare
Registering precompiled user dll's ...
Registered in 0.000398 seconds.
Begin MonoManager ReloadAssembly
Native extension for WindowsStandalone target not found
Native extension for OSXStandalone target not found
Native extension for WebGL target not found
Refreshing native plugins compatible for Editor in 0.37 ms, found 0 plugins.
Preloading 0 native plugins for Editor in 0.00 ms.
Invoked RoslynAnalysisRunner static constructor.
RoslynAnalysisRunner will not be running.
RoslynAnalysisRunner has terminated.
Mono: successfully reloaded assembly
- Completed reload, in  0.649 seconds
Platform modules already initialized, skipping
Refreshing native plugins compatible for Editor in 0.34 ms, found 0 plugins.
Preloading 0 native plugins for Editor in 0.00 ms.
Unloading 1174 Unused Serialized files (Serialized files now loaded: 0)
System memory in use before: 81.9 MB.
System memory in use after: 81.6 MB.

Unloading 7 unused Assets to reduce memory usage. Loaded Objects now: 1664.
Total: 2.462100 ms (FindLiveObjects: 0.196600 ms CreateObjectMapping: 0.030900 ms MarkObjects: 1.904700 ms  DeleteObjects: 0.328300 ms)

========================================================================
Received Import Request.
  Time since last request: 20.032559 seconds.
  path: Assets/Scripts
  artifactKey: Guid(d5555ccd945af5044b0010d3c1f3d2bc) Importer(815301076,1909f56bfc062723c751e8b465ee728b)
Start importing Assets/Scripts using Guid(d5555ccd945af5044b0010d3c1f3d2bc) Importer(815301076,1909f56bfc062723c751e8b465ee728b)  -> (artifact id: '44acfe1325ff4e96a2ed795f4c4ff2c4') in 0.007416 seconds
  Import took 0.009396 seconds .

========================================================================
Received Import Request.
  Time since last request: 0.001242 seconds.
  path: Assets/Scripts
  artifactKey: Guid(d5555ccd945af5044b0010d3c1f3d2bc) Importer(815301076,1909f56bfc062723c751e8b465ee728b)
Start importing Assets/Scripts using Guid(d5555ccd945af5044b0010d3c1f3d2bc) Importer(815301076,1909f56bfc062723c751e8b465ee728b)  -> (artifact id: '44acfe1325ff4e96a2ed795f4c4ff2c4') in 0.001498 seconds
  Import took 0.003345 seconds .

========================================================================
Received Import Request.
  Time since last request: 9.963347 seconds.
  path: Assets/Scripts/HealthObject.cs
  artifactKey: Guid(516234e19de111d49ba2064a37aba0d1) Importer(815301076,1909f56bfc062723c751e8b465ee728b)
Start importing Assets/Scripts/HealthObject.cs using Guid(516234e19de111d49ba2064a37aba0d1) Importer(815301076,1909f56bfc062723c751e8b465ee728b)  -> (artifact id: 'fd335d7717f4dc988457058b2bdd90d2') in 0.019912 seconds
  Import took 0.022147 seconds .

========================================================================
Received Import Request.
  Time since last request: 0.000703 seconds.
  path: Assets/Scripts/HealthObject.cs
  artifactKey: Guid(516234e19de111d49ba2064a37aba0d1) Importer(815301076,1909f56bfc062723c751e8b465ee728b)
Start importing Assets/Scripts/HealthObject.cs using Guid(516234e19de111d49ba2064a37aba0d1) Importer(815301076,1909f56bfc062723c751e8b465ee728b)  -> (artifact id: 'fd335d7717f4dc988457058b2bdd90d2') in 0.002015 seconds
  Import took 0.003975 seconds .

========================================================================
Received Prepare
Registering precompiled user dll's ...
Registered in 0.000447 seconds.
Begin MonoManager ReloadAssembly
Native extension for WindowsStandalone target not found
Native extension for OSXStandalone target not found
Native extension for WebGL target not found
Refreshing native plugins compatible for Editor in 0.36 ms, found 0 plugins.
Preloading 0 native plugins for Editor in 0.00 ms.
Invoked RoslynAnalysisRunner static constructor.
RoslynAnalysisRunner will not be running.
RoslynAnalysisRunner has terminated.
Mono: successfully reloaded assembly
- Completed reload, in  0.716 seconds
Platform modules already initialized, skipping
Refreshing native plugins compatible for Editor in 0.39 ms, found 0 plugins.
Preloading 0 native plugins for Editor in 0.00 ms.
Unloading 1175 Unused Serialized files (Serialized files now loaded: 0)
System memory in use before: 81.9 MB.
System memory in use after: 81.7 MB.

Unloading 7 unused Assets to reduce memory usage. Loaded Objects now: 1667.
Total: 2.739200 ms (FindLiveObjects: 0.287400 ms CreateObjectMapping: 0.035800 ms MarkObjects: 1.986400 ms  DeleteObjects: 0.428100 ms)

========================================================================
Received Prepare
Registering precompiled user dll's ...
Registered in 0.000487 seconds.
Begin MonoManager ReloadAssembly
Native extension for WindowsStandalone target not found
Native extension for OSXStandalone target not found
Native extension for WebGL target not found
Refreshing native plugins compatible for Editor in 0.36 ms, found 0 plugins.
Preloading 0 native plugins for Editor in 0.00 ms.
Invoked RoslynAnalysisRunner static constructor.
RoslynAnalysisRunner will not be running.
RoslynAnalysisRunner has terminated.
Mono: successfully reloaded assembly
- Completed reload, in  0.633 seconds
Platform modules already initialized, skipping
Refreshing native plugins compatible for Editor in 0.36 ms, found 0 plugins.
Preloading 0 native plugins for Editor in 0.00 ms.
Unloading 1175 Unused Serialized files (Serialized files now loaded: 0)
System memory in use before: 81.9 MB.
System memory in use after: 81.7 MB.

Unloading 7 unused Assets to reduce memory usage. Loaded Objects now: 1669.
Total: 2.510100 ms (FindLiveObjects: 0.228600 ms CreateObjectMapping: 0.027700 ms MarkObjects: 1.875500 ms  DeleteObjects: 0.376300 ms)

========================================================================
Received Import Request.
  Time since last request: 787.396253 seconds.
  path: Assets/Scripts/HealthObject.cs
  artifactKey: Guid(516234e19de111d49ba2064a37aba0d1) Importer(815301076,1909f56bfc062723c751e8b465ee728b)
Start importing Assets/Scripts/HealthObject.cs using Guid(516234e19de111d49ba2064a37aba0d1) Importer(815301076,1909f56bfc062723c751e8b465ee728b)  -> (artifact id: '1585555b7e596126d8e45f03533b753f') in 0.004297 seconds
  Import took 0.006423 seconds .

========================================================================
Received Import Request.
  Time since last request: 14.855531 seconds.
  path: Assets/Scripts/PlayerHealth.cs
  artifactKey: Guid(8f18a839a33d92b46b8ba624320ef67e) Importer(815301076,1909f56bfc062723c751e8b465ee728b)
Start importing Assets/Scripts/PlayerHealth.cs using Guid(8f18a839a33d92b46b8ba624320ef67e) Importer(815301076,1909f56bfc062723c751e8b465ee728b)  -> (artifact id: 'f90898c04fc8a6dc112154367dd3a61b') in 0.005880 seconds
  Import took 0.007988 seconds .

========================================================================
Received Prepare
Registering precompiled user dll's ...
Registered in 0.001159 seconds.
Begin MonoManager ReloadAssembly
Native extension for WindowsStandalone target not found
Native extension for OSXStandalone target not found
Native extension for WebGL target not found
Refreshing native plugins compatible for Editor in 0.74 ms, found 0 plugins.
Preloading 0 native plugins for Editor in 0.00 ms.
Invoked RoslynAnalysisRunner static constructor.
RoslynAnalysisRunner will not be running.
RoslynAnalysisRunner has terminated.
Mono: successfully reloaded assembly
- Completed reload, in  0.795 seconds
Platform modules already initialized, skipping
Refreshing native plugins compatible for Editor in 0.36 ms, found 0 plugins.
Preloading 0 native plugins for Editor in 0.00 ms.
Unloading 1176 Unused Serialized files (Serialized files now loaded: 0)
System memory in use before: 82.0 MB.
System memory in use after: 81.7 MB.

Unloading 7 unused Assets to reduce memory usage. Loaded Objects now: 1672.
Total: 2.044900 ms (FindLiveObjects: 0.252800 ms CreateObjectMapping: 0.035400 ms MarkObjects: 1.380700 ms  DeleteObjects: 0.374500 ms)

========================================================================
Received Prepare
Registering precompiled user dll's ...
Registered in 0.000462 seconds.
Begin MonoManager ReloadAssembly
Native extension for WindowsStandalone target not found
Native extension for OSXStandalone target not found
Native extension for WebGL target not found
Refreshing native plugins compatible for Editor in 0.37 ms, found 0 plugins.
Preloading 0 native plugins for Editor in 0.00 ms.
Invoked RoslynAnalysisRunner static constructor.
RoslynAnalysisRunner will not be running.
RoslynAnalysisRunner has terminated.
Mono: successfully reloaded assembly
- Completed reload, in  0.644 seconds
Platform modules already initialized, skipping
Refreshing native plugins compatible for Editor in 0.37 ms, found 0 plugins.
Preloading 0 native plugins for Editor in 0.00 ms.
Unloading 1176 Unused Serialized files (Serialized files now loaded: 0)
System memory in use before: 82.0 MB.
System memory in use after: 81.7 MB.

Unloading 7 unused Assets to reduce memory usage. Loaded Objects now: 1674.
Total: 2.167100 ms (FindLiveObjects: 0.164400 ms CreateObjectMapping: 0.027600 ms MarkObjects: 1.518100 ms  DeleteObjects: 0.455900 ms)

========================================================================
Received Import Request.
  Time since last request: 29.068888 seconds.
  path: Assets/Scripts/PlayerHealth.cs
  artifactKey: Guid(8f18a839a33d92b46b8ba624320ef67e) Importer(815301076,1909f56bfc062723c751e8b465ee728b)
Start importing Assets/Scripts/PlayerHealth.cs using Guid(8f18a839a33d92b46b8ba624320ef67e) Importer(815301076,1909f56bfc062723c751e8b465ee728b)  -> (artifact id: 'd425fc7fc5176ede19a7bc60e47be73e') in 0.004268 seconds
  Import took 0.006375 seconds .

========================================================================
Received Prepare
Registering precompiled user dll's ...
Registered in 0.000588 seconds.
Begin MonoManager ReloadAssembly
Native extension for WindowsStandalone target not found
Native extension for OSXStandalone target not found
Native extension for WebGL target not found
Refreshing native plugins compatible for Editor in 0.45 ms, found 0 plugins.
Preloading 0 native plugins for Editor in 0.00 ms.
Invoked RoslynAnalysisRunner static constructor.
RoslynAnalysisRunner will not be running.
RoslynAnalysisRunner has terminated.
Mono: successfully reloaded assembly
- Completed reload, in  0.619 seconds
Platform modules already initialized, skipping
Refreshing native plugins compatible for Editor in 0.37 ms, found 0 plugins.
Preloading 0 native plugins for Editor in 0.00 ms.
Unloading 1176 Unused Serialized files (Serialized files now loaded: 0)
System memory in use before: 82.0 MB.
System memory in use after: 81.7 MB.

Unloading 7 unused Assets to reduce memory usage. Loaded Objects now: 1676.
Total: 2.028100 ms (FindLiveObjects: 0.196100 ms CreateObjectMapping: 0.026600 ms MarkObjects: 1.333800 ms  DeleteObjects: 0.469700 ms)

========================================================================
Received Import Request.
  Time since last request: 120.490370 seconds.
  path: Assets/Scripts/HealthObject.cs
  artifactKey: Guid(516234e19de111d49ba2064a37aba0d1) Importer(815301076,1909f56bfc062723c751e8b465ee728b)
Start importing Assets/Scripts/HealthObject.cs using Guid(516234e19de111d49ba2064a37aba0d1) Importer(815301076,1909f56bfc062723c751e8b465ee728b)  -> (artifact id: 'f2a8430b5b728725eb2cef4cedabffe9') in 0.004548 seconds
  Import took 0.006580 seconds .

========================================================================
Received Import Request.
  Time since last request: 25.630322 seconds.
  path: Assets/Scripts/PlayerGUI.cs
  artifactKey: Guid(bb8cff4ce8c75db47b755e78f7f56a74) Importer(815301076,1909f56bfc062723c751e8b465ee728b)
Start importing Assets/Scripts/PlayerGUI.cs using Guid(bb8cff4ce8c75db47b755e78f7f56a74) Importer(815301076,1909f56bfc062723c751e8b465ee728b)  -> (artifact id: '5e79c257ca0b50f74e52e6dbaec59e6c') in 0.006160 seconds
  Import took 0.008230 seconds .

========================================================================
Received Prepare
Registering precompiled user dll's ...
Registered in 0.000465 seconds.
Begin MonoManager ReloadAssembly
Native extension for WindowsStandalone target not found
Native extension for OSXStandalone target not found
Native extension for WebGL target not found
Refreshing native plugins compatible for Editor in 0.35 ms, found 0 plugins.
Preloading 0 native plugins for Editor in 0.00 ms.
Invoked RoslynAnalysisRunner static constructor.
RoslynAnalysisRunner will not be running.
RoslynAnalysisRunner has terminated.
Mono: successfully reloaded assembly
- Completed reload, in  0.630 seconds
Platform modules already initialized, skipping
Refreshing native plugins compatible for Editor in 0.33 ms, found 0 plugins.
Preloading 0 native plugins for Editor in 0.00 ms.
Unloading 1177 Unused Serialized files (Serialized files now loaded: 0)
System memory in use before: 82.0 MB.
System memory in use after: 81.7 MB.

Unloading 7 unused Assets to reduce memory usage. Loaded Objects now: 1679.
Total: 2.118300 ms (FindLiveObjects: 0.247800 ms CreateObjectMapping: 0.026600 ms MarkObjects: 1.442900 ms  DeleteObjects: 0.400000 ms)

========================================================================
Received Import Request.
  Time since last request: 232.674308 seconds.
  path: Assets/Scripts/ITakeDamage.cs
  artifactKey: Guid(4b165be7f6571a14198b99764caa14f8) Importer(815301076,1909f56bfc062723c751e8b465ee728b)
Start importing Assets/Scripts/ITakeDamage.cs using Guid(4b165be7f6571a14198b99764caa14f8) Importer(815301076,1909f56bfc062723c751e8b465ee728b)  -> (artifact id: '83c8fc378f019ba27aaff79d1e7474e0') in 0.008743 seconds
  Import took 0.011104 seconds .

========================================================================
Received Prepare
Registering precompiled user dll's ...
Registered in 0.000716 seconds.
Begin MonoManager ReloadAssembly
Native extension for WindowsStandalone target not found
Native extension for OSXStandalone target not found
Native extension for WebGL target not found
Refreshing native plugins compatible for Editor in 0.35 ms, found 0 plugins.
Preloading 0 native plugins for Editor in 0.00 ms.
Invoked RoslynAnalysisRunner static constructor.
RoslynAnalysisRunner will not be running.
RoslynAnalysisRunner has terminated.
Mono: successfully reloaded assembly
- Completed reload, in  0.618 seconds
Platform modules already initialized, skipping
Refreshing native plugins compatible for Editor in 0.37 ms, found 0 plugins.
Preloading 0 native plugins for Editor in 0.00 ms.
Unloading 1178 Unused Serialized files (Serialized files now loaded: 0)
System memory in use before: 82.0 MB.
System memory in use after: 81.7 MB.

Unloading 7 unused Assets to reduce memory usage. Loaded Objects now: 1682.
Total: 2.604400 ms (FindLiveObjects: 0.216300 ms CreateObjectMapping: 0.032700 ms MarkObjects: 1.955900 ms  DeleteObjects: 0.398000 ms)

========================================================================
Received Prepare
Registering precompiled user dll's ...
Registered in 0.000449 seconds.
Begin MonoManager ReloadAssembly
Native extension for WindowsStandalone target not found
Native extension for OSXStandalone target not found
Native extension for WebGL target not found
Refreshing native plugins compatible for Editor in 0.35 ms, found 0 plugins.
Preloading 0 native plugins for Editor in 0.00 ms.
Invoked RoslynAnalysisRunner static constructor.
RoslynAnalysisRunner will not be running.
RoslynAnalysisRunner has terminated.
Mono: successfully reloaded assembly
- Completed reload, in  0.629 seconds
Platform modules already initialized, skipping
Refreshing native plugins compatible for Editor in 0.38 ms, found 0 plugins.
Preloading 0 native plugins for Editor in 0.00 ms.
Unloading 1178 Unused Serialized files (Serialized files now loaded: 0)
System memory in use before: 82.0 MB.
System memory in use after: 81.7 MB.

Unloading 7 unused Assets to reduce memory usage. Loaded Objects now: 1684.
Total: 2.520900 ms (FindLiveObjects: 0.193900 ms CreateObjectMapping: 0.032500 ms MarkObjects: 1.783600 ms  DeleteObjects: 0.509600 ms)

========================================================================
Received Import Request.
  Time since last request: 409.734645 seconds.
  path: Assets/Scripts/ITakeDamage.cs
  artifactKey: Guid(4b165be7f6571a14198b99764caa14f8) Importer(815301076,1909f56bfc062723c751e8b465ee728b)
Start importing Assets/Scripts/ITakeDamage.cs using Guid(4b165be7f6571a14198b99764caa14f8) Importer(815301076,1909f56bfc062723c751e8b465ee728b)  -> (artifact id: 'fb43673acc3cc34c4b6240535afceaa9') in 0.004276 seconds
  Import took 0.006405 seconds .

========================================================================
Received Prepare
Registering precompiled user dll's ...
Registered in 0.000521 seconds.
Begin MonoManager ReloadAssembly
Native extension for WindowsStandalone target not found
Native extension for OSXStandalone target not found
Native extension for WebGL target not found
Refreshing native plugins compatible for Editor in 0.33 ms, found 0 plugins.
Preloading 0 native plugins for Editor in 0.00 ms.
Invoked RoslynAnalysisRunner static constructor.
RoslynAnalysisRunner will not be running.
RoslynAnalysisRunner has terminated.
Mono: successfully reloaded assembly
- Completed reload, in  0.609 seconds
Platform modules already initialized, skipping
Refreshing native plugins compatible for Editor in 0.38 ms, found 0 plugins.
Preloading 0 native plugins for Editor in 0.00 ms.
Unloading 1178 Unused Serialized files (Serialized files now loaded: 0)
System memory in use before: 82.0 MB.
System memory in use after: 81.7 MB.

Unloading 7 unused Assets to reduce memory usage. Loaded Objects now: 1686.
Total: 2.620800 ms (FindLiveObjects: 0.271800 ms CreateObjectMapping: 0.035300 ms MarkObjects: 1.718200 ms  DeleteObjects: 0.594200 ms)

========================================================================
Received Prepare
Registering precompiled user dll's ...
Registered in 0.000598 seconds.
Begin MonoManager ReloadAssembly
Native extension for WindowsStandalone target not found
Native extension for OSXStandalone target not found
Native extension for WebGL target not found
Refreshing native plugins compatible for Editor in 0.37 ms, found 0 plugins.
Preloading 0 native plugins for Editor in 0.00 ms.
Invoked RoslynAnalysisRunner static constructor.
RoslynAnalysisRunner will not be running.
RoslynAnalysisRunner has terminated.
Mono: successfully reloaded assembly
- Completed reload, in  0.641 seconds
Platform modules already initialized, skipping
Refreshing native plugins compatible for Editor in 0.34 ms, found 0 plugins.
Preloading 0 native plugins for Editor in 0.00 ms.
Unloading 1178 Unused Serialized files (Serialized files now loaded: 0)
System memory in use before: 82.0 MB.
System memory in use after: 81.7 MB.

Unloading 7 unused Assets to reduce memory usage. Loaded Objects now: 1688.
Total: 2.016200 ms (FindLiveObjects: 0.268800 ms CreateObjectMapping: 0.038600 ms MarkObjects: 1.312800 ms  DeleteObjects: 0.395100 ms)

========================================================================
Received Prepare
Registering precompiled user dll's ...
Registered in 0.000493 seconds.
Begin MonoManager ReloadAssembly
Native extension for WindowsStandalone target not found
Native extension for OSXStandalone target not found
Native extension for WebGL target not found
Refreshing native plugins compatible for Editor in 0.32 ms, found 0 plugins.
Preloading 0 native plugins for Editor in 0.00 ms.
Invoked RoslynAnalysisRunner static constructor.
RoslynAnalysisRunner will not be running.
RoslynAnalysisRunner has terminated.
Mono: successfully reloaded assembly
- Completed reload, in  0.611 seconds
Platform modules already initialized, skipping
Refreshing native plugins compatible for Editor in 0.33 ms, found 0 plugins.
Preloading 0 native plugins for Editor in 0.00 ms.
Unloading 1178 Unused Serialized files (Serialized files now loaded: 0)
System memory in use before: 82.0 MB.
System memory in use after: 81.7 MB.

Unloading 7 unused Assets to reduce memory usage. Loaded Objects now: 1690.
Total: 2.303100 ms (FindLiveObjects: 0.220000 ms CreateObjectMapping: 0.031100 ms MarkObjects: 1.608200 ms  DeleteObjects: 0.442300 ms)

========================================================================
Received Prepare
Registering precompiled user dll's ...
Registered in 0.000465 seconds.
Begin MonoManager ReloadAssembly
Native extension for WindowsStandalone target not found
Native extension for OSXStandalone target not found
Native extension for WebGL target not found
Refreshing native plugins compatible for Editor in 0.42 ms, found 0 plugins.
Preloading 0 native plugins for Editor in 0.00 ms.
Invoked RoslynAnalysisRunner static constructor.
RoslynAnalysisRunner will not be running.
RoslynAnalysisRunner has terminated.
Mono: successfully reloaded assembly
- Completed reload, in  0.613 seconds
Platform modules already initialized, skipping
Refreshing native plugins compatible for Editor in 0.34 ms, found 0 plugins.
Preloading 0 native plugins for Editor in 0.00 ms.
Unloading 1178 Unused Serialized files (Serialized files now loaded: 0)
System memory in use before: 82.0 MB.
System memory in use after: 81.7 MB.

Unloading 7 unused Assets to reduce memory usage. Loaded Objects now: 1692.
Total: 2.035700 ms (FindLiveObjects: 0.207300 ms CreateObjectMapping: 0.026900 ms MarkObjects: 1.414800 ms  DeleteObjects: 0.385800 ms)

========================================================================
Received Prepare
Registering precompiled user dll's ...
Registered in 0.000672 seconds.
Begin MonoManager ReloadAssembly
Native extension for WindowsStandalone target not found
Native extension for OSXStandalone target not found
Native extension for WebGL target not found
Refreshing native plugins compatible for Editor in 0.37 ms, found 0 plugins.
Preloading 0 native plugins for Editor in 0.00 ms.
Invoked RoslynAnalysisRunner static constructor.
RoslynAnalysisRunner will not be running.
RoslynAnalysisRunner has terminated.
Mono: successfully reloaded assembly
- Completed reload, in  0.654 seconds
Platform modules already initialized, skipping
Refreshing native plugins compatible for Editor in 0.34 ms, found 0 plugins.
Preloading 0 native plugins for Editor in 0.00 ms.
Unloading 1178 Unused Serialized files (Serialized files now loaded: 0)
System memory in use before: 82.0 MB.
System memory in use after: 81.7 MB.

Unloading 7 unused Assets to reduce memory usage. Loaded Objects now: 1694.
Total: 2.659800 ms (FindLiveObjects: 0.293500 ms CreateObjectMapping: 0.038700 ms MarkObjects: 1.818100 ms  DeleteObjects: 0.508300 ms)

========================================================================
Received Prepare
Registering precompiled user dll's ...
Registered in 0.000625 seconds.
Begin MonoManager ReloadAssembly
Native extension for WindowsStandalone target not found
Native extension for OSXStandalone target not found
Native extension for WebGL target not found
Refreshing native plugins compatible for Editor in 0.41 ms, found 0 plugins.
Preloading 0 native plugins for Editor in 0.00 ms.
Invoked RoslynAnalysisRunner static constructor.
RoslynAnalysisRunner will not be running.
RoslynAnalysisRunner has terminated.
Mono: successfully reloaded assembly
- Completed reload, in  0.643 seconds
Platform modules already initialized, skipping
Refreshing native plugins compatible for Editor in 0.54 ms, found 0 plugins.
Preloading 0 native plugins for Editor in 0.00 ms.
Unloading 1178 Unused Serialized files (Serialized files now loaded: 0)
System memory in use before: 82.0 MB.
System memory in use after: 81.7 MB.

Unloading 7 unused Assets to reduce memory usage. Loaded Objects now: 1696.
Total: 2.668700 ms (FindLiveObjects: 0.256700 ms CreateObjectMapping: 0.028400 ms MarkObjects: 1.875200 ms  DeleteObjects: 0.506000 ms)

========================================================================
Received Prepare
Registering precompiled user dll's ...
Registered in 0.000592 seconds.
Begin MonoManager ReloadAssembly
Native extension for WindowsStandalone target not found
Native extension for OSXStandalone target not found
Native extension for WebGL target not found
Refreshing native plugins compatible for Editor in 0.35 ms, found 0 plugins.
Preloading 0 native plugins for Editor in 0.00 ms.
Invoked RoslynAnalysisRunner static constructor.
RoslynAnalysisRunner will not be running.
RoslynAnalysisRunner has terminated.
Mono: successfully reloaded assembly
- Completed reload, in  0.635 seconds
Platform modules already initialized, skipping
Refreshing native plugins compatible for Editor in 0.34 ms, found 0 plugins.
Preloading 0 native plugins for Editor in 0.00 ms.
Unloading 1178 Unused Serialized files (Serialized files now loaded: 0)
System memory in use before: 82.0 MB.
System memory in use after: 81.8 MB.

Unloading 7 unused Assets to reduce memory usage. Loaded Objects now: 1698.
Total: 2.399700 ms (FindLiveObjects: 0.217200 ms CreateObjectMapping: 0.030700 ms MarkObjects: 1.738600 ms  DeleteObjects: 0.411400 ms)

========================================================================
Received Prepare
Registering precompiled user dll's ...
Registered in 0.000769 seconds.
Begin MonoManager ReloadAssembly
Native extension for WindowsStandalone target not found
Native extension for OSXStandalone target not found
Native extension for WebGL target not found
Refreshing native plugins compatible for Editor in 0.34 ms, found 0 plugins.
Preloading 0 native plugins for Editor in 0.00 ms.
Invoked RoslynAnalysisRunner static constructor.
RoslynAnalysisRunner will not be running.
RoslynAnalysisRunner has terminated.
Mono: successfully reloaded assembly
- Completed reload, in  0.633 seconds
Platform modules already initialized, skipping
Refreshing native plugins compatible for Editor in 0.36 ms, found 0 plugins.
Preloading 0 native plugins for Editor in 0.00 ms.
Unloading 1178 Unused Serialized files (Serialized files now loaded: 0)
System memory in use before: 82.0 MB.
System memory in use after: 81.8 MB.

Unloading 7 unused Assets to reduce memory usage. Loaded Objects now: 1700.
Total: 1.958200 ms (FindLiveObjects: 0.202100 ms CreateObjectMapping: 0.026800 ms MarkObjects: 1.325100 ms  DeleteObjects: 0.403100 ms)

========================================================================
Received Prepare
Registering precompiled user dll's ...
Registered in 0.000672 seconds.
Begin MonoManager ReloadAssembly
Native extension for WindowsStandalone target not found
Native extension for OSXStandalone target not found
Native extension for WebGL target not found
Refreshing native plugins compatible for Editor in 0.34 ms, found 0 plugins.
Preloading 0 native plugins for Editor in 0.00 ms.
Invoked RoslynAnalysisRunner static constructor.
RoslynAnalysisRunner will not be running.
RoslynAnalysisRunner has terminated.
Mono: successfully reloaded assembly
- Completed reload, in  0.586 seconds
Platform modules already initialized, skipping
Refreshing native plugins compatible for Editor in 0.35 ms, found 0 plugins.
Preloading 0 native plugins for Editor in 0.00 ms.
Unloading 1178 Unused Serialized files (Serialized files now loaded: 0)
System memory in use before: 82.0 MB.
System memory in use after: 81.8 MB.

Unloading 7 unused Assets to reduce memory usage. Loaded Objects now: 1702.
Total: 2.236300 ms (FindLiveObjects: 0.154000 ms CreateObjectMapping: 0.030500 ms MarkObjects: 1.634300 ms  DeleteObjects: 0.416200 ms)

========================================================================
Received Prepare
Registering precompiled user dll's ...
Registered in 0.000603 seconds.
Begin MonoManager ReloadAssembly
Native extension for WindowsStandalone target not found
Native extension for OSXStandalone target not found
Native extension for WebGL target not found
Refreshing native plugins compatible for Editor in 0.34 ms, found 0 plugins.
Preloading 0 native plugins for Editor in 0.00 ms.
Invoked RoslynAnalysisRunner static constructor.
RoslynAnalysisRunner will not be running.
RoslynAnalysisRunner has terminated.
Mono: successfully reloaded assembly
- Completed reload, in  0.623 seconds
Platform modules already initialized, skipping
Refreshing native plugins compatible for Editor in 0.32 ms, found 0 plugins.
Preloading 0 native plugins for Editor in 0.00 ms.
Unloading 1178 Unused Serialized files (Serialized files now loaded: 0)
System memory in use before: 82.0 MB.
System memory in use after: 81.8 MB.

Unloading 7 unused Assets to reduce memory usage. Loaded Objects now: 1704.
Total: 2.267300 ms (FindLiveObjects: 0.308300 ms CreateObjectMapping: 0.028700 ms MarkObjects: 1.516700 ms  DeleteObjects: 0.412700 ms)

========================================================================
Received Prepare
Registering precompiled user dll's ...
Registered in 0.000499 seconds.
Begin MonoManager ReloadAssembly
Native extension for WindowsStandalone target not found
Native extension for OSXStandalone target not found
Native extension for WebGL target not found
Refreshing native plugins compatible for Editor in 0.32 ms, found 0 plugins.
Preloading 0 native plugins for Editor in 0.00 ms.
Invoked RoslynAnalysisRunner static constructor.
RoslynAnalysisRunner will not be running.
RoslynAnalysisRunner has terminated.
Mono: successfully reloaded assembly
- Completed reload, in  0.593 seconds
Platform modules already initialized, skipping
Refreshing native plugins compatible for Editor in 0.35 ms, found 0 plugins.
Preloading 0 native plugins for Editor in 0.00 ms.
Unloading 1178 Unused Serialized files (Serialized files now loaded: 0)
System memory in use before: 82.0 MB.
System memory in use after: 81.8 MB.

Unloading 7 unused Assets to reduce memory usage. Loaded Objects now: 1706.
Total: 2.025600 ms (FindLiveObjects: 0.197000 ms CreateObjectMapping: 0.029200 ms MarkObjects: 1.402000 ms  DeleteObjects: 0.396300 ms)

========================================================================
Received Prepare
Registering precompiled user dll's ...
Registered in 0.000516 seconds.
Begin MonoManager ReloadAssembly
Native extension for WindowsStandalone target not found
Native extension for OSXStandalone target not found
Native extension for WebGL target not found
Refreshing native plugins compatible for Editor in 0.33 ms, found 0 plugins.
Preloading 0 native plugins for Editor in 0.00 ms.
Invoked RoslynAnalysisRunner static constructor.
RoslynAnalysisRunner will not be running.
RoslynAnalysisRunner has terminated.
Mono: successfully reloaded assembly
- Completed reload, in  0.594 seconds
Platform modules already initialized, skipping
Refreshing native plugins compatible for Editor in 0.33 ms, found 0 plugins.
Preloading 0 native plugins for Editor in 0.00 ms.
Unloading 1178 Unused Serialized files (Serialized files now loaded: 0)
System memory in use before: 82.0 MB.
System memory in use after: 81.8 MB.

Unloading 7 unused Assets to reduce memory usage. Loaded Objects now: 1708.
Total: 2.011000 ms (FindLiveObjects: 0.159300 ms CreateObjectMapping: 0.030800 ms MarkObjects: 1.434300 ms  DeleteObjects: 0.385600 ms)

========================================================================
Received Prepare
Registering precompiled user dll's ...
Registered in 0.000754 seconds.
Begin MonoManager ReloadAssembly
Native extension for WindowsStandalone target not found
Native extension for OSXStandalone target not found
Native extension for WebGL target not found
Refreshing native plugins compatible for Editor in 0.58 ms, found 0 plugins.
Preloading 0 native plugins for Editor in 0.00 ms.
Invoked RoslynAnalysisRunner static constructor.
RoslynAnalysisRunner will not be running.
RoslynAnalysisRunner has terminated.
Mono: successfully reloaded assembly
- Completed reload, in  0.666 seconds
Platform modules already initialized, skipping
Refreshing native plugins compatible for Editor in 0.48 ms, found 0 plugins.
Preloading 0 native plugins for Editor in 0.00 ms.
Unloading 1178 Unused Serialized files (Serialized files now loaded: 0)
System memory in use before: 82.0 MB.
System memory in use after: 81.8 MB.

Unloading 7 unused Assets to reduce memory usage. Loaded Objects now: 1710.
Total: 2.135700 ms (FindLiveObjects: 0.237000 ms CreateObjectMapping: 0.026900 ms MarkObjects: 1.460000 ms  DeleteObjects: 0.410700 ms)

========================================================================
Received Import Request.
  Time since last request: 1263.039707 seconds.
  path: Assets/Scripts/PlayerHealth.cs
  artifactKey: Guid(8f18a839a33d92b46b8ba624320ef67e) Importer(815301076,1909f56bfc062723c751e8b465ee728b)
Start importing Assets/Scripts/PlayerHealth.cs using Guid(8f18a839a33d92b46b8ba624320ef67e) Importer(815301076,1909f56bfc062723c751e8b465ee728b)  -> (artifact id: '6b4274a666a8ee1fe42576b08d391d97') in 0.004283 seconds
  Import took 0.006479 seconds .

========================================================================
Received Import Request.
  Time since last request: 0.000651 seconds.
  path: Assets/Scripts/PlayerHealth.cs
  artifactKey: Guid(8f18a839a33d92b46b8ba624320ef67e) Importer(815301076,1909f56bfc062723c751e8b465ee728b)
Start importing Assets/Scripts/PlayerHealth.cs using Guid(8f18a839a33d92b46b8ba624320ef67e) Importer(815301076,1909f56bfc062723c751e8b465ee728b)  -> (artifact id: '6b4274a666a8ee1fe42576b08d391d97') in 0.001791 seconds
  Import took 0.003345 seconds .

========================================================================
Received Prepare
Registering precompiled user dll's ...
Registered in 0.000526 seconds.
Begin MonoManager ReloadAssembly
Native extension for WindowsStandalone target not found
Native extension for OSXStandalone target not found
Native extension for WebGL target not found
Refreshing native plugins compatible for Editor in 0.34 ms, found 0 plugins.
Preloading 0 native plugins for Editor in 0.00 ms.
Invoked RoslynAnalysisRunner static constructor.
RoslynAnalysisRunner will not be running.
RoslynAnalysisRunner has terminated.
Mono: successfully reloaded assembly
- Completed reload, in  0.628 seconds
Platform modules already initialized, skipping
Refreshing native plugins compatible for Editor in 0.32 ms, found 0 plugins.
Preloading 0 native plugins for Editor in 0.00 ms.
Unloading 1178 Unused Serialized files (Serialized files now loaded: 0)
System memory in use before: 82.0 MB.
System memory in use after: 81.8 MB.

Unloading 7 unused Assets to reduce memory usage. Loaded Objects now: 1712.
Total: 2.318700 ms (FindLiveObjects: 0.181800 ms CreateObjectMapping: 0.028600 ms MarkObjects: 1.704700 ms  DeleteObjects: 0.402400 ms)

========================================================================
Received Import Request.
  Time since last request: 30.912126 seconds.
  path: Assets/Scripts/PlayerHealth.cs
  artifactKey: Guid(8f18a839a33d92b46b8ba624320ef67e) Importer(815301076,1909f56bfc062723c751e8b465ee728b)
Start importing Assets/Scripts/PlayerHealth.cs using Guid(8f18a839a33d92b46b8ba624320ef67e) Importer(815301076,1909f56bfc062723c751e8b465ee728b)  -> (artifact id: 'c7ccef11c8dd8c3e298437e35094089d') in 0.003840 seconds
  Import took 0.005743 seconds .

========================================================================
Received Import Request.
  Time since last request: 146.891648 seconds.
  path: Assets/Scripts/HealthObject.cs
  artifactKey: Guid(516234e19de111d49ba2064a37aba0d1) Importer(815301076,1909f56bfc062723c751e8b465ee728b)
Start importing Assets/Scripts/HealthObject.cs using Guid(516234e19de111d49ba2064a37aba0d1) Importer(815301076,1909f56bfc062723c751e8b465ee728b)  -> (artifact id: '391f9da89b80ca2d8ca5341c93d3243c') in 0.001949 seconds
  Import took 0.003805 seconds .

========================================================================
Received Import Request.
  Time since last request: 0.020743 seconds.
  path: Assets/Scripts/HealthObject.cs
  artifactKey: Guid(516234e19de111d49ba2064a37aba0d1) Importer(815301076,1909f56bfc062723c751e8b465ee728b)
Start importing Assets/Scripts/HealthObject.cs using Guid(516234e19de111d49ba2064a37aba0d1) Importer(815301076,1909f56bfc062723c751e8b465ee728b)  -> (artifact id: '391f9da89b80ca2d8ca5341c93d3243c') in 0.001983 seconds
  Import took 0.003990 seconds .

========================================================================
Received Prepare
Registering precompiled user dll's ...
Registered in 0.000936 seconds.
Begin MonoManager ReloadAssembly
Native extension for WindowsStandalone target not found
Native extension for OSXStandalone target not found
Native extension for WebGL target not found
Refreshing native plugins compatible for Editor in 0.47 ms, found 0 plugins.
Preloading 0 native plugins for Editor in 0.00 ms.
Invoked RoslynAnalysisRunner static constructor.
RoslynAnalysisRunner will not be running.
RoslynAnalysisRunner has terminated.
Mono: successfully reloaded assembly
- Completed reload, in  0.663 seconds
Platform modules already initialized, skipping
Refreshing native plugins compatible for Editor in 0.33 ms, found 0 plugins.
Preloading 0 native plugins for Editor in 0.00 ms.
Unloading 1178 Unused Serialized files (Serialized files now loaded: 0)
System memory in use before: 82.1 MB.
System memory in use after: 81.8 MB.

Unloading 7 unused Assets to reduce memory usage. Loaded Objects now: 1714.
Total: 2.800200 ms (FindLiveObjects: 0.240300 ms CreateObjectMapping: 0.032400 ms MarkObjects: 1.993700 ms  DeleteObjects: 0.531800 ms)

========================================================================
Received Import Request.
  Time since last request: 479.942450 seconds.
  path: Assets/Scripts/InGameDevUI.cs
  artifactKey: Guid(005d12dce8e406d4cbd16c49ef4e22e7) Importer(815301076,1909f56bfc062723c751e8b465ee728b)
Start importing Assets/Scripts/InGameDevUI.cs using Guid(005d12dce8e406d4cbd16c49ef4e22e7) Importer(815301076,1909f56bfc062723c751e8b465ee728b)  -> (artifact id: 'c7cb681c5f0c24750f98e9e3b2803fc3') in 0.008327 seconds
  Import took 0.010909 seconds .

========================================================================
Received Prepare
Registering precompiled user dll's ...
Registered in 0.000624 seconds.
Begin MonoManager ReloadAssembly
Native extension for WindowsStandalone target not found
Native extension for OSXStandalone target not found
Native extension for WebGL target not found
Refreshing native plugins compatible for Editor in 0.36 ms, found 0 plugins.
Preloading 0 native plugins for Editor in 0.00 ms.
Invoked RoslynAnalysisRunner static constructor.
RoslynAnalysisRunner will not be running.
RoslynAnalysisRunner has terminated.
Mono: successfully reloaded assembly
- Completed reload, in  0.643 seconds
Platform modules already initialized, skipping
Refreshing native plugins compatible for Editor in 0.33 ms, found 0 plugins.
Preloading 0 native plugins for Editor in 0.00 ms.
Unloading 1179 Unused Serialized files (Serialized files now loaded: 0)
System memory in use before: 82.1 MB.
System memory in use after: 81.8 MB.

Unloading 7 unused Assets to reduce memory usage. Loaded Objects now: 1717.
Total: 2.298900 ms (FindLiveObjects: 0.268900 ms CreateObjectMapping: 0.036700 ms MarkObjects: 1.551700 ms  DeleteObjects: 0.440600 ms)

========================================================================
Received Import Request.
  Time since last request: 225.259210 seconds.
  path: Assets/Prefabs/Standard Assets/Characters/FirstPersonCharacter/Prefabs/RigidBodyFPSController.prefab
  artifactKey: Guid(c6453f8e1f814744d8b94e5a6d1f9942) Importer(815301076,1909f56bfc062723c751e8b465ee728b)
Start importing Assets/Prefabs/Standard Assets/Characters/FirstPersonCharacter/Prefabs/RigidBodyFPSController.prefab using Guid(c6453f8e1f814744d8b94e5a6d1f9942) Importer(815301076,1909f56bfc062723c751e8b465ee728b)  -> (artifact id: 'ef0e70721af6214ae676281e64f416d0') in 0.033779 seconds
  Import took 0.035966 seconds .

========================================================================
Received Prepare
Registering precompiled user dll's ...
Registered in 0.000515 seconds.
Begin MonoManager ReloadAssembly
Native extension for WindowsStandalone target not found
Native extension for OSXStandalone target not found
Native extension for WebGL target not found
Refreshing native plugins compatible for Editor in 0.32 ms, found 0 plugins.
Preloading 0 native plugins for Editor in 0.00 ms.
Invoked RoslynAnalysisRunner static constructor.
RoslynAnalysisRunner will not be running.
RoslynAnalysisRunner has terminated.
Mono: successfully reloaded assembly
- Completed reload, in  0.609 seconds
Platform modules already initialized, skipping
Refreshing native plugins compatible for Editor in 0.34 ms, found 0 plugins.
Preloading 0 native plugins for Editor in 0.00 ms.
Unloading 1179 Unused Serialized files (Serialized files now loaded: 0)
System memory in use before: 82.1 MB.
System memory in use after: 81.8 MB.

Unloading 7 unused Assets to reduce memory usage. Loaded Objects now: 1719.
Total: 2.237800 ms (FindLiveObjects: 0.242900 ms CreateObjectMapping: 0.028500 ms MarkObjects: 1.521100 ms  DeleteObjects: 0.444300 ms)

========================================================================
Received Import Request.
  Time since last request: 103.822426 seconds.
  path: Assets/Scripts/InGameDevUI.cs
  artifactKey: Guid(005d12dce8e406d4cbd16c49ef4e22e7) Importer(815301076,1909f56bfc062723c751e8b465ee728b)
Start importing Assets/Scripts/InGameDevUI.cs using Guid(005d12dce8e406d4cbd16c49ef4e22e7) Importer(815301076,1909f56bfc062723c751e8b465ee728b)  -> (artifact id: '22bab367c3ca3cd1de758af634e98a73') in 0.004031 seconds
  Import took 0.006050 seconds .

========================================================================
Received Prepare
Registering precompiled user dll's ...
Registered in 0.000545 seconds.
Begin MonoManager ReloadAssembly
Native extension for WindowsStandalone target not found
Native extension for OSXStandalone target not found
Native extension for WebGL target not found
Refreshing native plugins compatible for Editor in 0.33 ms, found 0 plugins.
Preloading 0 native plugins for Editor in 0.00 ms.
Invoked RoslynAnalysisRunner static constructor.
RoslynAnalysisRunner will not be running.
RoslynAnalysisRunner has terminated.
Mono: successfully reloaded assembly
- Completed reload, in  0.602 seconds
Platform modules already initialized, skipping
Refreshing native plugins compatible for Editor in 0.34 ms, found 0 plugins.
Preloading 0 native plugins for Editor in 0.00 ms.
Unloading 1179 Unused Serialized files (Serialized files now loaded: 0)
System memory in use before: 82.1 MB.
System memory in use after: 81.8 MB.

Unloading 7 unused Assets to reduce memory usage. Loaded Objects now: 1721.
Total: 2.193800 ms (FindLiveObjects: 0.210400 ms CreateObjectMapping: 0.030100 ms MarkObjects: 1.529900 ms  DeleteObjects: 0.421900 ms)

========================================================================
Received Prepare
Registering precompiled user dll's ...
Registered in 0.000465 seconds.
Begin MonoManager ReloadAssembly
Native extension for WindowsStandalone target not found
Native extension for OSXStandalone target not found
Native extension for WebGL target not found
Refreshing native plugins compatible for Editor in 0.34 ms, found 0 plugins.
Preloading 0 native plugins for Editor in 0.00 ms.
Invoked RoslynAnalysisRunner static constructor.
RoslynAnalysisRunner will not be running.
RoslynAnalysisRunner has terminated.
Mono: successfully reloaded assembly
- Completed reload, in  0.611 seconds
Platform modules already initialized, skipping
Refreshing native plugins compatible for Editor in 0.32 ms, found 0 plugins.
Preloading 0 native plugins for Editor in 0.00 ms.
Unloading 1179 Unused Serialized files (Serialized files now loaded: 0)
System memory in use before: 82.1 MB.
System memory in use after: 81.8 MB.

Unloading 7 unused Assets to reduce memory usage. Loaded Objects now: 1723.
Total: 2.310700 ms (FindLiveObjects: 0.237900 ms CreateObjectMapping: 0.037200 ms MarkObjects: 1.619500 ms  DeleteObjects: 0.415100 ms)

========================================================================
Received Prepare
Registering precompiled user dll's ...
Registered in 0.000458 seconds.
Begin MonoManager ReloadAssembly
Native extension for WindowsStandalone target not found
Native extension for OSXStandalone target not found
Native extension for WebGL target not found
Refreshing native plugins compatible for Editor in 0.35 ms, found 0 plugins.
Preloading 0 native plugins for Editor in 0.00 ms.
Invoked RoslynAnalysisRunner static constructor.
RoslynAnalysisRunner will not be running.
RoslynAnalysisRunner has terminated.
Mono: successfully reloaded assembly
- Completed reload, in  0.616 seconds
Platform modules already initialized, skipping
Refreshing native plugins compatible for Editor in 0.48 ms, found 0 plugins.
Preloading 0 native plugins for Editor in 0.00 ms.
Unloading 1179 Unused Serialized files (Serialized files now loaded: 0)
System memory in use before: 82.1 MB.
System memory in use after: 81.8 MB.

Unloading 7 unused Assets to reduce memory usage. Loaded Objects now: 1725.
Total: 2.068200 ms (FindLiveObjects: 0.164000 ms CreateObjectMapping: 0.028800 ms MarkObjects: 1.458000 ms  DeleteObjects: 0.416300 ms)

========================================================================
Received Prepare
Registering precompiled user dll's ...
Registered in 0.000576 seconds.
Begin MonoManager ReloadAssembly
Native extension for WindowsStandalone target not found
Native extension for OSXStandalone target not found
Native extension for WebGL target not found
Refreshing native plugins compatible for Editor in 0.49 ms, found 0 plugins.
Preloading 0 native plugins for Editor in 0.00 ms.
Invoked RoslynAnalysisRunner static constructor.
RoslynAnalysisRunner will not be running.
RoslynAnalysisRunner has terminated.
Mono: successfully reloaded assembly
- Completed reload, in  0.669 seconds
Platform modules already initialized, skipping
Refreshing native plugins compatible for Editor in 0.34 ms, found 0 plugins.
Preloading 0 native plugins for Editor in 0.00 ms.
Unloading 1179 Unused Serialized files (Serialized files now loaded: 0)
System memory in use before: 82.1 MB.
System memory in use after: 81.8 MB.

Unloading 7 unused Assets to reduce memory usage. Loaded Objects now: 1727.
Total: 2.229500 ms (FindLiveObjects: 0.193300 ms CreateObjectMapping: 0.027700 ms MarkObjects: 1.603000 ms  DeleteObjects: 0.404000 ms)

========================================================================
Received Prepare
Registering precompiled user dll's ...
Registered in 0.000583 seconds.
Begin MonoManager ReloadAssembly
Native extension for WindowsStandalone target not found
Native extension for OSXStandalone target not found
Native extension for WebGL target not found
Refreshing native plugins compatible for Editor in 0.38 ms, found 0 plugins.
Preloading 0 native plugins for Editor in 0.00 ms.
Invoked RoslynAnalysisRunner static constructor.
RoslynAnalysisRunner will not be running.
RoslynAnalysisRunner has terminated.
Mono: successfully reloaded assembly
- Completed reload, in  0.634 seconds
Platform modules already initialized, skipping
Refreshing native plugins compatible for Editor in 0.34 ms, found 0 plugins.
Preloading 0 native plugins for Editor in 0.00 ms.
Unloading 1179 Unused Serialized files (Serialized files now loaded: 0)
System memory in use before: 82.1 MB.
System memory in use after: 81.8 MB.

Unloading 7 unused Assets to reduce memory usage. Loaded Objects now: 1729.
Total: 2.478800 ms (FindLiveObjects: 0.244100 ms CreateObjectMapping: 0.030300 ms MarkObjects: 1.754900 ms  DeleteObjects: 0.448100 ms)

========================================================================
Received Prepare
Registering precompiled user dll's ...
Registered in 0.000441 seconds.
Begin MonoManager ReloadAssembly
Native extension for WindowsStandalone target not found
Native extension for OSXStandalone target not found
Native extension for WebGL target not found
Refreshing native plugins compatible for Editor in 0.48 ms, found 0 plugins.
Preloading 0 native plugins for Editor in 0.00 ms.
Invoked RoslynAnalysisRunner static constructor.
RoslynAnalysisRunner will not be running.
RoslynAnalysisRunner has terminated.
Mono: successfully reloaded assembly
- Completed reload, in  0.596 seconds
Platform modules already initialized, skipping
Refreshing native plugins compatible for Editor in 0.54 ms, found 0 plugins.
Preloading 0 native plugins for Editor in 0.00 ms.
Unloading 1179 Unused Serialized files (Serialized files now loaded: 0)
System memory in use before: 82.1 MB.
System memory in use after: 81.9 MB.

Unloading 7 unused Assets to reduce memory usage. Loaded Objects now: 1731.
Total: 1.926600 ms (FindLiveObjects: 0.171900 ms CreateObjectMapping: 0.029100 ms MarkObjects: 1.339000 ms  DeleteObjects: 0.385600 ms)

========================================================================
Received Prepare
Registering precompiled user dll's ...
Registered in 0.000456 seconds.
Begin MonoManager ReloadAssembly
Native extension for WindowsStandalone target not found
Native extension for OSXStandalone target not found
Native extension for WebGL target not found
Refreshing native plugins compatible for Editor in 0.33 ms, found 0 plugins.
Preloading 0 native plugins for Editor in 0.00 ms.
Invoked RoslynAnalysisRunner static constructor.
RoslynAnalysisRunner will not be running.
RoslynAnalysisRunner has terminated.
Mono: successfully reloaded assembly
- Completed reload, in  0.613 seconds
Platform modules already initialized, skipping
Refreshing native plugins compatible for Editor in 0.31 ms, found 0 plugins.
Preloading 0 native plugins for Editor in 0.00 ms.
Unloading 1179 Unused Serialized files (Serialized files now loaded: 0)
System memory in use before: 82.1 MB.
System memory in use after: 81.9 MB.

Unloading 7 unused Assets to reduce memory usage. Loaded Objects now: 1733.
Total: 2.710000 ms (FindLiveObjects: 0.254100 ms CreateObjectMapping: 0.029800 ms MarkObjects: 1.806800 ms  DeleteObjects: 0.617700 ms)

========================================================================
Received Prepare
Registering precompiled user dll's ...
Registered in 0.000636 seconds.
Begin MonoManager ReloadAssembly
Native extension for WindowsStandalone target not found
Native extension for OSXStandalone target not found
Native extension for WebGL target not found
Refreshing native plugins compatible for Editor in 0.34 ms, found 0 plugins.
Preloading 0 native plugins for Editor in 0.00 ms.
Invoked RoslynAnalysisRunner static constructor.
RoslynAnalysisRunner will not be running.
RoslynAnalysisRunner has terminated.
Mono: successfully reloaded assembly
- Completed reload, in  0.607 seconds
Platform modules already initialized, skipping
Refreshing native plugins compatible for Editor in 0.32 ms, found 0 plugins.
Preloading 0 native plugins for Editor in 0.00 ms.
Unloading 1179 Unused Serialized files (Serialized files now loaded: 0)
System memory in use before: 82.1 MB.
System memory in use after: 81.9 MB.

Unloading 7 unused Assets to reduce memory usage. Loaded Objects now: 1735.
Total: 2.330900 ms (FindLiveObjects: 0.263700 ms CreateObjectMapping: 0.038400 ms MarkObjects: 1.634300 ms  DeleteObjects: 0.393000 ms)

